2016-08-02 16:16:09 printList:Student [id=0, name=kehao, age=20, address=hanzhong]
2016-08-02 16:16:09 printList:Student [id=1, name=kkkk, age=22, address=huoxing]
2016-08-02 16:16:09 printList:Student [id=2, name=hhhh, age=33, address=shuixin]
2016-08-02 16:16:09 printList:Student [id=3, name=aaaa, age=22, address=muxin]
2016-08-02 16:16:09 printList:Student [id=4, name=bbbb, age=11, address=jinxin]
2016-08-02 16:23:22 printList:Student [id=0, name=k1, age=10, address=A]
2016-08-02 16:23:22 printList:Student [id=1, name=k1, age=11, address=B]
2016-08-02 16:23:22 printList:Student [id=2, name=k1, age=22, address=C]
2016-08-02 16:23:22 printList:Student [id=3, name=k1, age=33, address=D]
2016-08-02 16:23:22 printList:Student [id=4, name=k1, age=44, address=E]
2016-08-02 16:23:44 printList:Student [id=0, name=k1, age=10, address=A]
2016-08-02 16:23:44 printList:Student [id=1, name=k1, age=11, address=B]
2016-08-02 16:23:44 printList:Student [id=2, name=k1, age=22, address=C]
2016-08-02 16:23:44 printList:Student [id=3, name=k1, age=33, address=D]
2016-08-02 16:23:44 printList:Student [id=4, name=k1, age=44, address=E]
2016-08-02 16:23:44 printList:Student [id=5, name=k1, age=55, address=F]
2016-08-02 16:26:12 printList:Student [id=0, name=k1, age=10, address=A]
2016-08-02 16:26:12 printList:Student [id=1, name=k1, age=11, address=B]
2016-08-02 16:26:12 printList:Student [id=2, name=k1, age=22, address=C]
2016-08-02 16:26:12 printList:Student [id=3, name=k1, age=33, address=D]
2016-08-02 16:26:12 printList:Student [id=4, name=k1, age=44, address=E]
2016-08-02 16:26:12 printList:Student [id=5, name=k1, age=55, address=F]
2016-08-02 16:26:34 printList:Student [id=0, name=k1, age=10, address=A]
2016-08-02 16:26:34 printList:Student [id=1, name=k1, age=11, address=B]
2016-08-02 16:26:34 printList:Student [id=2, name=k1, age=22, address=C]
2016-08-02 16:26:34 printList:Student [id=3, name=k1, age=33, address=D]
2016-08-02 16:26:34 printList:Student [id=4, name=k1, age=44, address=E]
2016-08-02 16:26:34 printList:Student [id=5, name=k1, age=55, address=F]
2016-08-02 16:44:44 printList:Student [id=0, name=k1, age=10, address=A]
2016-08-02 16:44:44 printList:Student [id=1, name=k1, age=11, address=B]
2016-08-02 16:44:44 printList:Student [id=2, name=k1, age=22, address=C]
2016-08-02 16:44:44 printList:Student [id=3, name=k1, age=33, address=D]
2016-08-02 16:44:44 printList:Student [id=4, name=k1, age=44, address=E]
2016-08-02 16:54:19 printList:Student [id=0, name=k1, age=10, address=A]
2016-08-02 16:54:19 printList:Student [id=1, name=k1, age=11, address=B]
2016-08-02 16:54:19 printList:Student [id=2, name=k1, age=22, address=C]
2016-08-02 16:54:19 printList:Student [id=3, name=k1, age=33, address=D]
2016-08-02 16:54:19 printList:Student [id=4, name=k1, age=44, address=E]
2016-08-02 16:57:11 printList:Student [id=0, name=k1, age=10, address=A]
2016-08-02 16:57:11 printList:Student [id=1, name=k1, age=11, address=B]
2016-08-02 16:57:11 printList:Student [id=2, name=k1, age=22, address=C]
2016-08-02 16:57:11 printList:Student [id=3, name=k1, age=33, address=D]
2016-08-02 16:57:11 printList:Student [id=4, name=k1, age=44, address=E]
2016-08-02 16:57:44 printList:Student [id=1, name=k1, age=11, address=B]
2016-08-02 16:57:44 printList:Student [id=2, name=k1, age=22, address=C]
2016-08-02 16:57:44 printList:Student [id=3, name=k1, age=33, address=D]
2016-08-02 16:57:44 printList:Student [id=4, name=k1, age=44, address=E]
2016-08-02 16:57:44 printList:Student [id=0, name=k1, age=10, address=A]
2016-08-02 16:58:21 printList:Student [id=1, name=k1, age=11, address=B]
2016-08-02 16:58:21 printList:Student [id=2, name=k1, age=22, address=C]
2016-08-02 16:58:21 printList:Student [id=3, name=k1, age=33, address=D]
2016-08-02 16:58:21 printList:Student [id=4, name=k1, age=44, address=E]
2016-08-02 16:58:21 printList:Student [id=0, name=k1, age=10, address=A]
2016-08-02 16:58:44 printList:Student [id=0, name=k1, age=10, address=A]
2016-08-02 16:58:44 printList:Student [id=1, name=k1, age=11, address=B]
2016-08-02 16:58:44 printList:Student [id=2, name=k1, age=22, address=C]
2016-08-02 16:58:44 printList:Student [id=3, name=k1, age=33, address=D]
2016-08-02 16:58:44 printList:Student [id=4, name=k1, age=44, address=E]
2016-08-02 16:58:44 printList:Student [id=5, name=k1, age=55, address=F]
2016-08-02 16:58:44 printList:Student [id=6, name=k1, age=66, address=G]
2016-08-02 16:58:44 printList:Student [id=7, name=k1, age=77, address=H]
2016-08-02 16:58:44 printList:Student [id=8, name=k1, age=88, address=I]
2016-08-02 16:58:44 printList:Student [id=9, name=k1, age=99, address=J]
2016-08-02 16:58:44 printList:Student [id=10, name=k1, age=110, address=K]
2016-08-02 16:59:10 printList:Student [id=0, name=k1, age=10, address=A]
2016-08-02 16:59:10 printList:Student [id=1, name=k1, age=11, address=B]
2016-08-02 16:59:10 printList:Student [id=2, name=k1, age=22, address=C]
2016-08-02 16:59:10 printList:Student [id=3, name=k1, age=33, address=D]
2016-08-02 16:59:10 printList:Student [id=4, name=k1, age=44, address=E]
2016-08-02 17:13:54 printList:Student [id=0, name=k1, age=10, address=A]
2016-08-02 17:13:54 printList:Student [id=1, name=k1, age=11, address=B]
2016-08-02 17:13:54 printList:Student [id=2, name=k1, age=22, address=C]
2016-08-02 17:13:54 printList:Student [id=3, name=k1, age=33, address=D]
2016-08-02 17:13:54 printList:Student [id=4, name=k1, age=44, address=E]
2016-08-02 17:13:54 printList:Student [id=5, name=k1, age=55, address=F]
2016-08-02 17:13:54 printList:Student [id=6, name=k1, age=66, address=G]
2016-08-02 17:13:54 printList:Student [id=7, name=k1, age=77, address=H]
2016-08-02 17:13:54 printList:Student [id=8, name=k1, age=88, address=I]
2016-08-02 17:13:54 printList:Student [id=9, name=k1, age=99, address=J]
2016-08-02 17:13:54 printList:Student [id=10, name=k1, age=110, address=K]
2016-08-02 17:59:06 printList:root
2016-08-02 17:59:06 printList:st
2016-08-02 17:59:06 printList:ewq
2016-08-02 17:59:06 printList:rqrqwr
2016-08-02 17:59:06 printList:wrasfq
2016-08-02 18:00:15 printList:root
2016-08-02 18:00:15 printList:123
2016-08-02 18:00:15 printList:456
2016-08-02 18:00:15 printList:789
2016-08-02 18:00:15 printList:abc
2016-08-02 18:00:15 printList:def
2016-08-02 18:00:15 printList:ghi
2016-08-02 18:02:08 printList:123
2016-08-02 18:02:23 printList:123
2016-08-03 09:52:02 printList:root
2016-08-03 09:52:02 printList:123
2016-08-03 10:14:58 printList:root
2016-08-03 10:15:58 printList:root
2016-08-03 10:16:33 printList:root
2016-08-03 10:20:39 printList:root
2016-08-03 14:55:19 printList:root
